<?xml version="1.0" encoding="UTF-8"?>
<!-- Generated by org.testng.reporters.JUnitXMLReporter -->
<testsuite hostname="Leen88" ignored="0" name="Default test" tests="4" failures="0" timestamp="15 May 2018 05:59:07 GMT" time="0.113" errors="0">
  <testcase name="Divide_test_2_param" time="0.031" classname="core.DivideTest"/>
  <testcase name="Divide_test_3_param" time="0.003" classname="core.DivideTest"/>
  <testcase name="Divide_test_4_param" time="0.004" classname="core.DivideTest"/>
  <testcase name="Divide_test_instanceOf" time="0.006" classname="core.DivideTest"/>
</testsuite> <!-- Default test -->
