<?xml version="1.0" encoding="UTF-8"?>
<!-- Generated by org.testng.reporters.JUnitXMLReporter -->
<testsuite hostname="Leen88" ignored="0" name="Calculator Test" tests="16" failures="0" timestamp="15 May 2018 06:09:47 GMT" time="0.201" errors="0">
  <testcase name="add_test_2_param" time="0.016" classname="core.AddTest"/>
  <testcase name="add_test_3_param" time="0.016" classname="core.AddTest"/>
  <testcase name="add_test_4_param" time="0.0" classname="core.AddTest"/>
  <testcase name="add_test_instanceOf" time="0.015" classname="core.AddTest"/>
  <testcase name="Divide_test_2_param" time="0.018" classname="core.DivideTest"/>
  <testcase name="Divide_test_3_param" time="0.0" classname="core.DivideTest"/>
  <testcase name="Divide_test_4_param" time="0.0" classname="core.DivideTest"/>
  <testcase name="Divide_test_instanceOf" time="0.0" classname="core.DivideTest"/>
  <testcase name="Multiply_test_2_param" time="0.018" classname="core.MultiplyTest"/>
  <testcase name="Multiply_test_3_param" time="0.002" classname="core.MultiplyTest"/>
  <testcase name="Multiply_test_4_param" time="0.003" classname="core.MultiplyTest"/>
  <testcase name="Multiply_test_instanceOf" time="0.004" classname="core.MultiplyTest"/>
  <testcase name="Subtract_test_2_param" time="0.004" classname="core.SubtractTest"/>
  <testcase name="Subtract_test_3_param" time="0.002" classname="core.SubtractTest"/>
  <testcase name="Subtract_test_4_param" time="0.002" classname="core.SubtractTest"/>
  <testcase name="Subtract_test_instanceOf" time="0.006" classname="core.SubtractTest"/>
</testsuite> <!-- Calculator Test -->
